The system is: Linux - 5.7.17-200.fc32.x86_64 - x86_64
Compiling the C compiler identification source file "CMakeCCompilerId.c" succeeded.
Compiler: /usr/bin/clang 
Build flags: 
Id flags:  

The output was:
0


Compilation of the C compiler identification source "CMakeCCompilerId.c" produced "a.out"

The C compiler identification is Clang, found in "/home/dbasu/llvm-tutor/lib/CMakeFiles/3.17.4/CompilerIdC/a.out"

Compiling the CXX compiler identification source file "CMakeCXXCompilerId.cpp" succeeded.
Compiler: /usr/bin/clang++ 
Build flags: 
Id flags:  

The output was:
0


Compilation of the CXX compiler identification source "CMakeCXXCompilerId.cpp" produced "a.out"

The CXX compiler identification is Clang, found in "/home/dbasu/llvm-tutor/lib/CMakeFiles/3.17.4/CompilerIdCXX/a.out"

Determining if the C compiler works passed with the following output:
Change Dir: /home/dbasu/llvm-tutor/lib/CMakeFiles/CMakeTmp

Run Build Command(s):/usr/bin/gmake cmTC_15052/fast && /usr/bin/gmake  -f CMakeFiles/cmTC_15052.dir/build.make CMakeFiles/cmTC_15052.dir/build
gmake[1]: Entering directory '/home/dbasu/llvm-tutor/lib/CMakeFiles/CMakeTmp'
Building C object CMakeFiles/cmTC_15052.dir/testCCompiler.c.o
/usr/bin/clang    -o CMakeFiles/cmTC_15052.dir/testCCompiler.c.o   -c /home/dbasu/llvm-tutor/lib/CMakeFiles/CMakeTmp/testCCompiler.c
Linking C executable cmTC_15052
/usr/bin/cmake -E cmake_link_script CMakeFiles/cmTC_15052.dir/link.txt --verbose=1
/usr/bin/clang      -rdynamic CMakeFiles/cmTC_15052.dir/testCCompiler.c.o  -o cmTC_15052 
gmake[1]: Leaving directory '/home/dbasu/llvm-tutor/lib/CMakeFiles/CMakeTmp'



Detecting C compiler ABI info compiled with the following output:
Change Dir: /home/dbasu/llvm-tutor/lib/CMakeFiles/CMakeTmp

Run Build Command(s):/usr/bin/gmake cmTC_74ff2/fast && /usr/bin/gmake  -f CMakeFiles/cmTC_74ff2.dir/build.make CMakeFiles/cmTC_74ff2.dir/build
gmake[1]: Entering directory '/home/dbasu/llvm-tutor/lib/CMakeFiles/CMakeTmp'
Building C object CMakeFiles/cmTC_74ff2.dir/CMakeCCompilerABI.c.o
/usr/bin/clang   -v -o CMakeFiles/cmTC_74ff2.dir/CMakeCCompilerABI.c.o   -c /usr/share/cmake/Modules/CMakeCCompilerABI.c
clang version 10.0.1 (Fedora 10.0.1-2.fc32)
Target: x86_64-unknown-linux-gnu
Thread model: posix
InstalledDir: /usr/bin
Found candidate GCC installation: /usr/bin/../lib/gcc/i686-redhat-linux/10
Found candidate GCC installation: /usr/bin/../lib/gcc/x86_64-redhat-linux/10
Found candidate GCC installation: /usr/lib/gcc/i686-redhat-linux/10
Found candidate GCC installation: /usr/lib/gcc/x86_64-redhat-linux/10
Selected GCC installation: /usr/bin/../lib/gcc/x86_64-redhat-linux/10
Candidate multilib: .;@m64
Candidate multilib: 32;@m32
Selected multilib: .;@m64
Found CUDA installation: /usr/local/cuda, version 7.0
 (in-process)
 "/usr/bin/clang-10" -cc1 -triple x86_64-unknown-linux-gnu -emit-obj -mrelax-all -disable-free -disable-llvm-verifier -discard-value-names -main-file-name CMakeCCompilerABI.c -mrelocation-model static -mthread-model posix -mframe-pointer=all -fmath-errno -fno-rounding-math -masm-verbose -mconstructor-aliases -munwind-tables -target-cpu x86-64 -dwarf-column-info -fno-split-dwarf-inlining -debugger-tuning=gdb -v -resource-dir /usr/lib64/clang/10.0.1 -internal-isystem /usr/local/include -internal-isystem /usr/lib64/clang/10.0.1/include -internal-externc-isystem /include -internal-externc-isystem /usr/include -fdebug-compilation-dir /home/dbasu/llvm-tutor/lib/CMakeFiles/CMakeTmp -ferror-limit 19 -fmessage-length 0 -fgnuc-version=4.2.1 -fobjc-runtime=gcc -fdiagnostics-show-option -faddrsig -o CMakeFiles/cmTC_74ff2.dir/CMakeCCompilerABI.c.o -x c /usr/share/cmake/Modules/CMakeCCompilerABI.c
clang -cc1 version 10.0.1 based upon LLVM 10.0.1 default target x86_64-unknown-linux-gnu
ignoring nonexistent directory "/include"
#include "..." search starts here:
#include <...> search starts here:
 /usr/local/include
 /usr/lib64/clang/10.0.1/include
 /usr/include
End of search list.
Linking C executable cmTC_74ff2
/usr/bin/cmake -E cmake_link_script CMakeFiles/cmTC_74ff2.dir/link.txt --verbose=1
/usr/bin/clang     -v -rdynamic CMakeFiles/cmTC_74ff2.dir/CMakeCCompilerABI.c.o  -o cmTC_74ff2 
clang version 10.0.1 (Fedora 10.0.1-2.fc32)
Target: x86_64-unknown-linux-gnu
Thread model: posix
InstalledDir: /usr/bin
Found candidate GCC installation: /usr/bin/../lib/gcc/i686-redhat-linux/10
Found candidate GCC installation: /usr/bin/../lib/gcc/x86_64-redhat-linux/10
Found candidate GCC installation: /usr/lib/gcc/i686-redhat-linux/10
Found candidate GCC installation: /usr/lib/gcc/x86_64-redhat-linux/10
Selected GCC installation: /usr/bin/../lib/gcc/x86_64-redhat-linux/10
Candidate multilib: .;@m64
Candidate multilib: 32;@m32
Selected multilib: .;@m64
Found CUDA installation: /usr/local/cuda, version 7.0
 "/usr/bin/ld" -export-dynamic --hash-style=gnu --build-id --eh-frame-hdr -m elf_x86_64 -export-dynamic -dynamic-linker /lib64/ld-linux-x86-64.so.2 -o cmTC_74ff2 /usr/bin/../lib/gcc/x86_64-redhat-linux/10/../../../../lib64/crt1.o /usr/bin/../lib/gcc/x86_64-redhat-linux/10/../../../../lib64/crti.o /usr/bin/../lib/gcc/x86_64-redhat-linux/10/crtbegin.o -L/usr/bin/../lib/gcc/x86_64-redhat-linux/10 -L/usr/bin/../lib/gcc/x86_64-redhat-linux/10/../../../../lib64 -L/usr/bin/../lib64 -L/lib/../lib64 -L/usr/lib/../lib64 -L/usr/bin/../lib/gcc/x86_64-redhat-linux/10/../../.. -L/usr/bin/../lib -L/lib -L/usr/lib -L/home/dbasu/llvm10/lib -L. CMakeFiles/cmTC_74ff2.dir/CMakeCCompilerABI.c.o -lgcc --as-needed -lgcc_s --no-as-needed -lc -lgcc --as-needed -lgcc_s --no-as-needed /usr/bin/../lib/gcc/x86_64-redhat-linux/10/crtend.o /usr/bin/../lib/gcc/x86_64-redhat-linux/10/../../../../lib64/crtn.o
gmake[1]: Leaving directory '/home/dbasu/llvm-tutor/lib/CMakeFiles/CMakeTmp'



Parsed C implicit include dir info from above output: rv=done
  found start of include info
  found start of implicit include info
    add: [/usr/local/include]
    add: [/usr/lib64/clang/10.0.1/include]
    add: [/usr/include]
  end of search list found
  collapse include dir [/usr/local/include] ==> [/usr/local/include]
  collapse include dir [/usr/lib64/clang/10.0.1/include] ==> [/usr/lib64/clang/10.0.1/include]
  collapse include dir [/usr/include] ==> [/usr/include]
  implicit include dirs: [/usr/local/include;/usr/lib64/clang/10.0.1/include;/usr/include]


Parsed C implicit link information from above output:
  link line regex: [^( *|.*[/\])(ld|CMAKE_LINK_STARTFILE-NOTFOUND|([^/\]+-)?ld|collect2)[^/\]*( |$)]
  ignore line: [Change Dir: /home/dbasu/llvm-tutor/lib/CMakeFiles/CMakeTmp]
  ignore line: []
  ignore line: [Run Build Command(s):/usr/bin/gmake cmTC_74ff2/fast && /usr/bin/gmake  -f CMakeFiles/cmTC_74ff2.dir/build.make CMakeFiles/cmTC_74ff2.dir/build]
  ignore line: [gmake[1]: Entering directory '/home/dbasu/llvm-tutor/lib/CMakeFiles/CMakeTmp']
  ignore line: [Building C object CMakeFiles/cmTC_74ff2.dir/CMakeCCompilerABI.c.o]
  ignore line: [/usr/bin/clang   -v -o CMakeFiles/cmTC_74ff2.dir/CMakeCCompilerABI.c.o   -c /usr/share/cmake/Modules/CMakeCCompilerABI.c]
  ignore line: [clang version 10.0.1 (Fedora 10.0.1-2.fc32)]
  ignore line: [Target: x86_64-unknown-linux-gnu]
  ignore line: [Thread model: posix]
  ignore line: [InstalledDir: /usr/bin]
  ignore line: [Found candidate GCC installation: /usr/bin/../lib/gcc/i686-redhat-linux/10]
  ignore line: [Found candidate GCC installation: /usr/bin/../lib/gcc/x86_64-redhat-linux/10]
  ignore line: [Found candidate GCC installation: /usr/lib/gcc/i686-redhat-linux/10]
  ignore line: [Found candidate GCC installation: /usr/lib/gcc/x86_64-redhat-linux/10]
  ignore line: [Selected GCC installation: /usr/bin/../lib/gcc/x86_64-redhat-linux/10]
  ignore line: [Candidate multilib: .]
  ignore line: [@m64]
  ignore line: [Candidate multilib: 32]
  ignore line: [@m32]
  ignore line: [Selected multilib: .]
  ignore line: [@m64]
  ignore line: [Found CUDA installation: /usr/local/cuda  version 7.0]
  ignore line: [ (in-process)]
  ignore line: [ "/usr/bin/clang-10" -cc1 -triple x86_64-unknown-linux-gnu -emit-obj -mrelax-all -disable-free -disable-llvm-verifier -discard-value-names -main-file-name CMakeCCompilerABI.c -mrelocation-model static -mthread-model posix -mframe-pointer=all -fmath-errno -fno-rounding-math -masm-verbose -mconstructor-aliases -munwind-tables -target-cpu x86-64 -dwarf-column-info -fno-split-dwarf-inlining -debugger-tuning=gdb -v -resource-dir /usr/lib64/clang/10.0.1 -internal-isystem /usr/local/include -internal-isystem /usr/lib64/clang/10.0.1/include -internal-externc-isystem /include -internal-externc-isystem /usr/include -fdebug-compilation-dir /home/dbasu/llvm-tutor/lib/CMakeFiles/CMakeTmp -ferror-limit 19 -fmessage-length 0 -fgnuc-version=4.2.1 -fobjc-runtime=gcc -fdiagnostics-show-option -faddrsig -o CMakeFiles/cmTC_74ff2.dir/CMakeCCompilerABI.c.o -x c /usr/share/cmake/Modules/CMakeCCompilerABI.c]
  ignore line: [clang -cc1 version 10.0.1 based upon LLVM 10.0.1 default target x86_64-unknown-linux-gnu]
  ignore line: [ignoring nonexistent directory "/include"]
  ignore line: [#include "..." search starts here:]
  ignore line: [#include <...> search starts here:]
  ignore line: [ /usr/local/include]
  ignore line: [ /usr/lib64/clang/10.0.1/include]
  ignore line: [ /usr/include]
  ignore line: [End of search list.]
  ignore line: [Linking C executable cmTC_74ff2]
  ignore line: [/usr/bin/cmake -E cmake_link_script CMakeFiles/cmTC_74ff2.dir/link.txt --verbose=1]
  ignore line: [/usr/bin/clang     -v -rdynamic CMakeFiles/cmTC_74ff2.dir/CMakeCCompilerABI.c.o  -o cmTC_74ff2 ]
  ignore line: [clang version 10.0.1 (Fedora 10.0.1-2.fc32)]
  ignore line: [Target: x86_64-unknown-linux-gnu]
  ignore line: [Thread model: posix]
  ignore line: [InstalledDir: /usr/bin]
  ignore line: [Found candidate GCC installation: /usr/bin/../lib/gcc/i686-redhat-linux/10]
  ignore line: [Found candidate GCC installation: /usr/bin/../lib/gcc/x86_64-redhat-linux/10]
  ignore line: [Found candidate GCC installation: /usr/lib/gcc/i686-redhat-linux/10]
  ignore line: [Found candidate GCC installation: /usr/lib/gcc/x86_64-redhat-linux/10]
  ignore line: [Selected GCC installation: /usr/bin/../lib/gcc/x86_64-redhat-linux/10]
  ignore line: [Candidate multilib: .]
  ignore line: [@m64]
  ignore line: [Candidate multilib: 32]
  ignore line: [@m32]
  ignore line: [Selected multilib: .]
  ignore line: [@m64]
  ignore line: [Found CUDA installation: /usr/local/cuda  version 7.0]
  link line: [ "/usr/bin/ld" -export-dynamic --hash-style=gnu --build-id --eh-frame-hdr -m elf_x86_64 -export-dynamic -dynamic-linker /lib64/ld-linux-x86-64.so.2 -o cmTC_74ff2 /usr/bin/../lib/gcc/x86_64-redhat-linux/10/../../../../lib64/crt1.o /usr/bin/../lib/gcc/x86_64-redhat-linux/10/../../../../lib64/crti.o /usr/bin/../lib/gcc/x86_64-redhat-linux/10/crtbegin.o -L/usr/bin/../lib/gcc/x86_64-redhat-linux/10 -L/usr/bin/../lib/gcc/x86_64-redhat-linux/10/../../../../lib64 -L/usr/bin/../lib64 -L/lib/../lib64 -L/usr/lib/../lib64 -L/usr/bin/../lib/gcc/x86_64-redhat-linux/10/../../.. -L/usr/bin/../lib -L/lib -L/usr/lib -L/home/dbasu/llvm10/lib -L. CMakeFiles/cmTC_74ff2.dir/CMakeCCompilerABI.c.o -lgcc --as-needed -lgcc_s --no-as-needed -lc -lgcc --as-needed -lgcc_s --no-as-needed /usr/bin/../lib/gcc/x86_64-redhat-linux/10/crtend.o /usr/bin/../lib/gcc/x86_64-redhat-linux/10/../../../../lib64/crtn.o]
    arg [/usr/bin/ld] ==> ignore
    arg [-export-dynamic] ==> ignore
    arg [--hash-style=gnu] ==> ignore
    arg [--build-id] ==> ignore
    arg [--eh-frame-hdr] ==> ignore
    arg [-m] ==> ignore
    arg [elf_x86_64] ==> ignore
    arg [-export-dynamic] ==> ignore
    arg [-dynamic-linker] ==> ignore
    arg [/lib64/ld-linux-x86-64.so.2] ==> ignore
    arg [-o] ==> ignore
    arg [cmTC_74ff2] ==> ignore
    arg [/usr/bin/../lib/gcc/x86_64-redhat-linux/10/../../../../lib64/crt1.o] ==> ignore
    arg [/usr/bin/../lib/gcc/x86_64-redhat-linux/10/../../../../lib64/crti.o] ==> ignore
    arg [/usr/bin/../lib/gcc/x86_64-redhat-linux/10/crtbegin.o] ==> ignore
    arg [-L/usr/bin/../lib/gcc/x86_64-redhat-linux/10] ==> dir [/usr/bin/../lib/gcc/x86_64-redhat-linux/10]
    arg [-L/usr/bin/../lib/gcc/x86_64-redhat-linux/10/../../../../lib64] ==> dir [/usr/bin/../lib/gcc/x86_64-redhat-linux/10/../../../../lib64]
    arg [-L/usr/bin/../lib64] ==> dir [/usr/bin/../lib64]
    arg [-L/lib/../lib64] ==> dir [/lib/../lib64]
    arg [-L/usr/lib/../lib64] ==> dir [/usr/lib/../lib64]
    arg [-L/usr/bin/../lib/gcc/x86_64-redhat-linux/10/../../..] ==> dir [/usr/bin/../lib/gcc/x86_64-redhat-linux/10/../../..]
    arg [-L/usr/bin/../lib] ==> dir [/usr/bin/../lib]
    arg [-L/lib] ==> dir [/lib]
    arg [-L/usr/lib] ==> dir [/usr/lib]
    arg [-L/home/dbasu/llvm10/lib] ==> dir [/home/dbasu/llvm10/lib]
    arg [-L.] ==> ignore
    arg [CMakeFiles/cmTC_74ff2.dir/CMakeCCompilerABI.c.o] ==> ignore
    arg [-lgcc] ==> lib [gcc]
    arg [--as-needed] ==> ignore
    arg [-lgcc_s] ==> lib [gcc_s]
    arg [--no-as-needed] ==> ignore
    arg [-lc] ==> lib [c]
    arg [-lgcc] ==> lib [gcc]
    arg [--as-needed] ==> ignore
    arg [-lgcc_s] ==> lib [gcc_s]
    arg [--no-as-needed] ==> ignore
    arg [/usr/bin/../lib/gcc/x86_64-redhat-linux/10/crtend.o] ==> ignore
    arg [/usr/bin/../lib/gcc/x86_64-redhat-linux/10/../../../../lib64/crtn.o] ==> ignore
  collapse library dir [/usr/bin/../lib/gcc/x86_64-redhat-linux/10] ==> [/usr/lib/gcc/x86_64-redhat-linux/10]
  collapse library dir [/usr/bin/../lib/gcc/x86_64-redhat-linux/10/../../../../lib64] ==> [/usr/lib64]
  collapse library dir [/usr/bin/../lib64] ==> [/usr/lib64]
  collapse library dir [/lib/../lib64] ==> [/lib64]
  collapse library dir [/usr/lib/../lib64] ==> [/usr/lib64]
  collapse library dir [/usr/bin/../lib/gcc/x86_64-redhat-linux/10/../../..] ==> [/usr/lib]
  collapse library dir [/usr/bin/../lib] ==> [/usr/lib]
  collapse library dir [/lib] ==> [/lib]
  collapse library dir [/usr/lib] ==> [/usr/lib]
  collapse library dir [/home/dbasu/llvm10/lib] ==> [/home/dbasu/llvm10/lib]
  implicit libs: [gcc;gcc_s;c;gcc;gcc_s]
  implicit dirs: [/usr/lib/gcc/x86_64-redhat-linux/10;/usr/lib64;/lib64;/usr/lib;/lib;/home/dbasu/llvm10/lib]
  implicit fwks: []


Determining if the CXX compiler works passed with the following output:
Change Dir: /home/dbasu/llvm-tutor/lib/CMakeFiles/CMakeTmp

Run Build Command(s):/usr/bin/gmake cmTC_260df/fast && /usr/bin/gmake  -f CMakeFiles/cmTC_260df.dir/build.make CMakeFiles/cmTC_260df.dir/build
gmake[1]: Entering directory '/home/dbasu/llvm-tutor/lib/CMakeFiles/CMakeTmp'
Building CXX object CMakeFiles/cmTC_260df.dir/testCXXCompiler.cxx.o
/usr/bin/clang++     -o CMakeFiles/cmTC_260df.dir/testCXXCompiler.cxx.o -c /home/dbasu/llvm-tutor/lib/CMakeFiles/CMakeTmp/testCXXCompiler.cxx
Linking CXX executable cmTC_260df
/usr/bin/cmake -E cmake_link_script CMakeFiles/cmTC_260df.dir/link.txt --verbose=1
/usr/bin/clang++       -rdynamic CMakeFiles/cmTC_260df.dir/testCXXCompiler.cxx.o  -o cmTC_260df 
gmake[1]: Leaving directory '/home/dbasu/llvm-tutor/lib/CMakeFiles/CMakeTmp'



Detecting CXX compiler ABI info compiled with the following output:
Change Dir: /home/dbasu/llvm-tutor/lib/CMakeFiles/CMakeTmp

Run Build Command(s):/usr/bin/gmake cmTC_86be9/fast && /usr/bin/gmake  -f CMakeFiles/cmTC_86be9.dir/build.make CMakeFiles/cmTC_86be9.dir/build
gmake[1]: Entering directory '/home/dbasu/llvm-tutor/lib/CMakeFiles/CMakeTmp'
Building CXX object CMakeFiles/cmTC_86be9.dir/CMakeCXXCompilerABI.cpp.o
/usr/bin/clang++    -v -o CMakeFiles/cmTC_86be9.dir/CMakeCXXCompilerABI.cpp.o -c /usr/share/cmake/Modules/CMakeCXXCompilerABI.cpp
clang version 10.0.1 (Fedora 10.0.1-2.fc32)
Target: x86_64-unknown-linux-gnu
Thread model: posix
InstalledDir: /usr/bin
Found candidate GCC installation: /usr/bin/../lib/gcc/i686-redhat-linux/10
Found candidate GCC installation: /usr/bin/../lib/gcc/x86_64-redhat-linux/10
Found candidate GCC installation: /usr/lib/gcc/i686-redhat-linux/10
Found candidate GCC installation: /usr/lib/gcc/x86_64-redhat-linux/10
Selected GCC installation: /usr/bin/../lib/gcc/x86_64-redhat-linux/10
Candidate multilib: .;@m64
Candidate multilib: 32;@m32
Selected multilib: .;@m64
Found CUDA installation: /usr/local/cuda, version 7.0
 (in-process)
 "/usr/bin/clang-10" -cc1 -triple x86_64-unknown-linux-gnu -emit-obj -mrelax-all -disable-free -disable-llvm-verifier -discard-value-names -main-file-name CMakeCXXCompilerABI.cpp -mrelocation-model static -mthread-model posix -mframe-pointer=all -fmath-errno -fno-rounding-math -masm-verbose -mconstructor-aliases -munwind-tables -target-cpu x86-64 -dwarf-column-info -fno-split-dwarf-inlining -debugger-tuning=gdb -v -resource-dir /usr/lib64/clang/10.0.1 -internal-isystem /usr/bin/../lib/gcc/x86_64-redhat-linux/10/../../../../include/c++/10 -internal-isystem /usr/bin/../lib/gcc/x86_64-redhat-linux/10/../../../../include/c++/10/x86_64-redhat-linux -internal-isystem /usr/bin/../lib/gcc/x86_64-redhat-linux/10/../../../../include/c++/10/backward -internal-isystem /usr/local/include -internal-isystem /usr/lib64/clang/10.0.1/include -internal-externc-isystem /include -internal-externc-isystem /usr/include -fdeprecated-macro -fdebug-compilation-dir /home/dbasu/llvm-tutor/lib/CMakeFiles/CMakeTmp -ferror-limit 19 -fmessage-length 0 -fgnuc-version=4.2.1 -fobjc-runtime=gcc -fcxx-exceptions -fexceptions -fdiagnostics-show-option -faddrsig -o CMakeFiles/cmTC_86be9.dir/CMakeCXXCompilerABI.cpp.o -x c++ /usr/share/cmake/Modules/CMakeCXXCompilerABI.cpp
clang -cc1 version 10.0.1 based upon LLVM 10.0.1 default target x86_64-unknown-linux-gnu
ignoring nonexistent directory "/include"
#include "..." search starts here:
#include <...> search starts here:
 /usr/bin/../lib/gcc/x86_64-redhat-linux/10/../../../../include/c++/10
 /usr/bin/../lib/gcc/x86_64-redhat-linux/10/../../../../include/c++/10/x86_64-redhat-linux
 /usr/bin/../lib/gcc/x86_64-redhat-linux/10/../../../../include/c++/10/backward
 /usr/local/include
 /usr/lib64/clang/10.0.1/include
 /usr/include
End of search list.
Linking CXX executable cmTC_86be9
/usr/bin/cmake -E cmake_link_script CMakeFiles/cmTC_86be9.dir/link.txt --verbose=1
/usr/bin/clang++      -v -rdynamic CMakeFiles/cmTC_86be9.dir/CMakeCXXCompilerABI.cpp.o  -o cmTC_86be9 
clang version 10.0.1 (Fedora 10.0.1-2.fc32)
Target: x86_64-unknown-linux-gnu
Thread model: posix
InstalledDir: /usr/bin
Found candidate GCC installation: /usr/bin/../lib/gcc/i686-redhat-linux/10
Found candidate GCC installation: /usr/bin/../lib/gcc/x86_64-redhat-linux/10
Found candidate GCC installation: /usr/lib/gcc/i686-redhat-linux/10
Found candidate GCC installation: /usr/lib/gcc/x86_64-redhat-linux/10
Selected GCC installation: /usr/bin/../lib/gcc/x86_64-redhat-linux/10
Candidate multilib: .;@m64
Candidate multilib: 32;@m32
Selected multilib: .;@m64
Found CUDA installation: /usr/local/cuda, version 7.0
 "/usr/bin/ld" -export-dynamic --hash-style=gnu --build-id --eh-frame-hdr -m elf_x86_64 -export-dynamic -dynamic-linker /lib64/ld-linux-x86-64.so.2 -o cmTC_86be9 /usr/bin/../lib/gcc/x86_64-redhat-linux/10/../../../../lib64/crt1.o /usr/bin/../lib/gcc/x86_64-redhat-linux/10/../../../../lib64/crti.o /usr/bin/../lib/gcc/x86_64-redhat-linux/10/crtbegin.o -L/usr/bin/../lib/gcc/x86_64-redhat-linux/10 -L/usr/bin/../lib/gcc/x86_64-redhat-linux/10/../../../../lib64 -L/usr/bin/../lib64 -L/lib/../lib64 -L/usr/lib/../lib64 -L/usr/bin/../lib/gcc/x86_64-redhat-linux/10/../../.. -L/usr/bin/../lib -L/lib -L/usr/lib -L/home/dbasu/llvm10/lib -L. CMakeFiles/cmTC_86be9.dir/CMakeCXXCompilerABI.cpp.o -lstdc++ -lm -lgcc_s -lgcc -lc -lgcc_s -lgcc /usr/bin/../lib/gcc/x86_64-redhat-linux/10/crtend.o /usr/bin/../lib/gcc/x86_64-redhat-linux/10/../../../../lib64/crtn.o
gmake[1]: Leaving directory '/home/dbasu/llvm-tutor/lib/CMakeFiles/CMakeTmp'



Parsed CXX implicit include dir info from above output: rv=done
  found start of include info
  found start of implicit include info
    add: [/usr/bin/../lib/gcc/x86_64-redhat-linux/10/../../../../include/c++/10]
    add: [/usr/bin/../lib/gcc/x86_64-redhat-linux/10/../../../../include/c++/10/x86_64-redhat-linux]
    add: [/usr/bin/../lib/gcc/x86_64-redhat-linux/10/../../../../include/c++/10/backward]
    add: [/usr/local/include]
    add: [/usr/lib64/clang/10.0.1/include]
    add: [/usr/include]
  end of search list found
  collapse include dir [/usr/bin/../lib/gcc/x86_64-redhat-linux/10/../../../../include/c++/10] ==> [/usr/include/c++/10]
  collapse include dir [/usr/bin/../lib/gcc/x86_64-redhat-linux/10/../../../../include/c++/10/x86_64-redhat-linux] ==> [/usr/include/c++/10/x86_64-redhat-linux]
  collapse include dir [/usr/bin/../lib/gcc/x86_64-redhat-linux/10/../../../../include/c++/10/backward] ==> [/usr/include/c++/10/backward]
  collapse include dir [/usr/local/include] ==> [/usr/local/include]
  collapse include dir [/usr/lib64/clang/10.0.1/include] ==> [/usr/lib64/clang/10.0.1/include]
  collapse include dir [/usr/include] ==> [/usr/include]
  implicit include dirs: [/usr/include/c++/10;/usr/include/c++/10/x86_64-redhat-linux;/usr/include/c++/10/backward;/usr/local/include;/usr/lib64/clang/10.0.1/include;/usr/include]


Parsed CXX implicit link information from above output:
  link line regex: [^( *|.*[/\])(ld|CMAKE_LINK_STARTFILE-NOTFOUND|([^/\]+-)?ld|collect2)[^/\]*( |$)]
  ignore line: [Change Dir: /home/dbasu/llvm-tutor/lib/CMakeFiles/CMakeTmp]
  ignore line: []
  ignore line: [Run Build Command(s):/usr/bin/gmake cmTC_86be9/fast && /usr/bin/gmake  -f CMakeFiles/cmTC_86be9.dir/build.make CMakeFiles/cmTC_86be9.dir/build]
  ignore line: [gmake[1]: Entering directory '/home/dbasu/llvm-tutor/lib/CMakeFiles/CMakeTmp']
  ignore line: [Building CXX object CMakeFiles/cmTC_86be9.dir/CMakeCXXCompilerABI.cpp.o]
  ignore line: [/usr/bin/clang++    -v -o CMakeFiles/cmTC_86be9.dir/CMakeCXXCompilerABI.cpp.o -c /usr/share/cmake/Modules/CMakeCXXCompilerABI.cpp]
  ignore line: [clang version 10.0.1 (Fedora 10.0.1-2.fc32)]
  ignore line: [Target: x86_64-unknown-linux-gnu]
  ignore line: [Thread model: posix]
  ignore line: [InstalledDir: /usr/bin]
  ignore line: [Found candidate GCC installation: /usr/bin/../lib/gcc/i686-redhat-linux/10]
  ignore line: [Found candidate GCC installation: /usr/bin/../lib/gcc/x86_64-redhat-linux/10]
  ignore line: [Found candidate GCC installation: /usr/lib/gcc/i686-redhat-linux/10]
  ignore line: [Found candidate GCC installation: /usr/lib/gcc/x86_64-redhat-linux/10]
  ignore line: [Selected GCC installation: /usr/bin/../lib/gcc/x86_64-redhat-linux/10]
  ignore line: [Candidate multilib: .]
  ignore line: [@m64]
  ignore line: [Candidate multilib: 32]
  ignore line: [@m32]
  ignore line: [Selected multilib: .]
  ignore line: [@m64]
  ignore line: [Found CUDA installation: /usr/local/cuda  version 7.0]
  ignore line: [ (in-process)]
  ignore line: [ "/usr/bin/clang-10" -cc1 -triple x86_64-unknown-linux-gnu -emit-obj -mrelax-all -disable-free -disable-llvm-verifier -discard-value-names -main-file-name CMakeCXXCompilerABI.cpp -mrelocation-model static -mthread-model posix -mframe-pointer=all -fmath-errno -fno-rounding-math -masm-verbose -mconstructor-aliases -munwind-tables -target-cpu x86-64 -dwarf-column-info -fno-split-dwarf-inlining -debugger-tuning=gdb -v -resource-dir /usr/lib64/clang/10.0.1 -internal-isystem /usr/bin/../lib/gcc/x86_64-redhat-linux/10/../../../../include/c++/10 -internal-isystem /usr/bin/../lib/gcc/x86_64-redhat-linux/10/../../../../include/c++/10/x86_64-redhat-linux -internal-isystem /usr/bin/../lib/gcc/x86_64-redhat-linux/10/../../../../include/c++/10/backward -internal-isystem /usr/local/include -internal-isystem /usr/lib64/clang/10.0.1/include -internal-externc-isystem /include -internal-externc-isystem /usr/include -fdeprecated-macro -fdebug-compilation-dir /home/dbasu/llvm-tutor/lib/CMakeFiles/CMakeTmp -ferror-limit 19 -fmessage-length 0 -fgnuc-version=4.2.1 -fobjc-runtime=gcc -fcxx-exceptions -fexceptions -fdiagnostics-show-option -faddrsig -o CMakeFiles/cmTC_86be9.dir/CMakeCXXCompilerABI.cpp.o -x c++ /usr/share/cmake/Modules/CMakeCXXCompilerABI.cpp]
  ignore line: [clang -cc1 version 10.0.1 based upon LLVM 10.0.1 default target x86_64-unknown-linux-gnu]
  ignore line: [ignoring nonexistent directory "/include"]
  ignore line: [#include "..." search starts here:]
  ignore line: [#include <...> search starts here:]
  ignore line: [ /usr/bin/../lib/gcc/x86_64-redhat-linux/10/../../../../include/c++/10]
  ignore line: [ /usr/bin/../lib/gcc/x86_64-redhat-linux/10/../../../../include/c++/10/x86_64-redhat-linux]
  ignore line: [ /usr/bin/../lib/gcc/x86_64-redhat-linux/10/../../../../include/c++/10/backward]
  ignore line: [ /usr/local/include]
  ignore line: [ /usr/lib64/clang/10.0.1/include]
  ignore line: [ /usr/include]
  ignore line: [End of search list.]
  ignore line: [Linking CXX executable cmTC_86be9]
  ignore line: [/usr/bin/cmake -E cmake_link_script CMakeFiles/cmTC_86be9.dir/link.txt --verbose=1]
  ignore line: [/usr/bin/clang++      -v -rdynamic CMakeFiles/cmTC_86be9.dir/CMakeCXXCompilerABI.cpp.o  -o cmTC_86be9 ]
  ignore line: [clang version 10.0.1 (Fedora 10.0.1-2.fc32)]
  ignore line: [Target: x86_64-unknown-linux-gnu]
  ignore line: [Thread model: posix]
  ignore line: [InstalledDir: /usr/bin]
  ignore line: [Found candidate GCC installation: /usr/bin/../lib/gcc/i686-redhat-linux/10]
  ignore line: [Found candidate GCC installation: /usr/bin/../lib/gcc/x86_64-redhat-linux/10]
  ignore line: [Found candidate GCC installation: /usr/lib/gcc/i686-redhat-linux/10]
  ignore line: [Found candidate GCC installation: /usr/lib/gcc/x86_64-redhat-linux/10]
  ignore line: [Selected GCC installation: /usr/bin/../lib/gcc/x86_64-redhat-linux/10]
  ignore line: [Candidate multilib: .]
  ignore line: [@m64]
  ignore line: [Candidate multilib: 32]
  ignore line: [@m32]
  ignore line: [Selected multilib: .]
  ignore line: [@m64]
  ignore line: [Found CUDA installation: /usr/local/cuda  version 7.0]
  link line: [ "/usr/bin/ld" -export-dynamic --hash-style=gnu --build-id --eh-frame-hdr -m elf_x86_64 -export-dynamic -dynamic-linker /lib64/ld-linux-x86-64.so.2 -o cmTC_86be9 /usr/bin/../lib/gcc/x86_64-redhat-linux/10/../../../../lib64/crt1.o /usr/bin/../lib/gcc/x86_64-redhat-linux/10/../../../../lib64/crti.o /usr/bin/../lib/gcc/x86_64-redhat-linux/10/crtbegin.o -L/usr/bin/../lib/gcc/x86_64-redhat-linux/10 -L/usr/bin/../lib/gcc/x86_64-redhat-linux/10/../../../../lib64 -L/usr/bin/../lib64 -L/lib/../lib64 -L/usr/lib/../lib64 -L/usr/bin/../lib/gcc/x86_64-redhat-linux/10/../../.. -L/usr/bin/../lib -L/lib -L/usr/lib -L/home/dbasu/llvm10/lib -L. CMakeFiles/cmTC_86be9.dir/CMakeCXXCompilerABI.cpp.o -lstdc++ -lm -lgcc_s -lgcc -lc -lgcc_s -lgcc /usr/bin/../lib/gcc/x86_64-redhat-linux/10/crtend.o /usr/bin/../lib/gcc/x86_64-redhat-linux/10/../../../../lib64/crtn.o]
    arg [/usr/bin/ld] ==> ignore
    arg [-export-dynamic] ==> ignore
    arg [--hash-style=gnu] ==> ignore
    arg [--build-id] ==> ignore
    arg [--eh-frame-hdr] ==> ignore
    arg [-m] ==> ignore
    arg [elf_x86_64] ==> ignore
    arg [-export-dynamic] ==> ignore
    arg [-dynamic-linker] ==> ignore
    arg [/lib64/ld-linux-x86-64.so.2] ==> ignore
    arg [-o] ==> ignore
    arg [cmTC_86be9] ==> ignore
    arg [/usr/bin/../lib/gcc/x86_64-redhat-linux/10/../../../../lib64/crt1.o] ==> ignore
    arg [/usr/bin/../lib/gcc/x86_64-redhat-linux/10/../../../../lib64/crti.o] ==> ignore
    arg [/usr/bin/../lib/gcc/x86_64-redhat-linux/10/crtbegin.o] ==> ignore
    arg [-L/usr/bin/../lib/gcc/x86_64-redhat-linux/10] ==> dir [/usr/bin/../lib/gcc/x86_64-redhat-linux/10]
    arg [-L/usr/bin/../lib/gcc/x86_64-redhat-linux/10/../../../../lib64] ==> dir [/usr/bin/../lib/gcc/x86_64-redhat-linux/10/../../../../lib64]
    arg [-L/usr/bin/../lib64] ==> dir [/usr/bin/../lib64]
    arg [-L/lib/../lib64] ==> dir [/lib/../lib64]
    arg [-L/usr/lib/../lib64] ==> dir [/usr/lib/../lib64]
    arg [-L/usr/bin/../lib/gcc/x86_64-redhat-linux/10/../../..] ==> dir [/usr/bin/../lib/gcc/x86_64-redhat-linux/10/../../..]
    arg [-L/usr/bin/../lib] ==> dir [/usr/bin/../lib]
    arg [-L/lib] ==> dir [/lib]
    arg [-L/usr/lib] ==> dir [/usr/lib]
    arg [-L/home/dbasu/llvm10/lib] ==> dir [/home/dbasu/llvm10/lib]
    arg [-L.] ==> ignore
    arg [CMakeFiles/cmTC_86be9.dir/CMakeCXXCompilerABI.cpp.o] ==> ignore
    arg [-lstdc++] ==> lib [stdc++]
    arg [-lm] ==> lib [m]
    arg [-lgcc_s] ==> lib [gcc_s]
    arg [-lgcc] ==> lib [gcc]
    arg [-lc] ==> lib [c]
    arg [-lgcc_s] ==> lib [gcc_s]
    arg [-lgcc] ==> lib [gcc]
    arg [/usr/bin/../lib/gcc/x86_64-redhat-linux/10/crtend.o] ==> ignore
    arg [/usr/bin/../lib/gcc/x86_64-redhat-linux/10/../../../../lib64/crtn.o] ==> ignore
  collapse library dir [/usr/bin/../lib/gcc/x86_64-redhat-linux/10] ==> [/usr/lib/gcc/x86_64-redhat-linux/10]
  collapse library dir [/usr/bin/../lib/gcc/x86_64-redhat-linux/10/../../../../lib64] ==> [/usr/lib64]
  collapse library dir [/usr/bin/../lib64] ==> [/usr/lib64]
  collapse library dir [/lib/../lib64] ==> [/lib64]
  collapse library dir [/usr/lib/../lib64] ==> [/usr/lib64]
  collapse library dir [/usr/bin/../lib/gcc/x86_64-redhat-linux/10/../../..] ==> [/usr/lib]
  collapse library dir [/usr/bin/../lib] ==> [/usr/lib]
  collapse library dir [/lib] ==> [/lib]
  collapse library dir [/usr/lib] ==> [/usr/lib]
  collapse library dir [/home/dbasu/llvm10/lib] ==> [/home/dbasu/llvm10/lib]
  implicit libs: [stdc++;m;gcc_s;gcc;c;gcc_s;gcc]
  implicit dirs: [/usr/lib/gcc/x86_64-redhat-linux/10;/usr/lib64;/lib64;/usr/lib;/lib;/home/dbasu/llvm10/lib]
  implicit fwks: []


